23:06:41.233 [main] INFO  testCases.TC001_AccountRegistrationTest - Clicked on MyAccount Link
23:06:41.482 [main] INFO  testCases.TC001_AccountRegistrationTest - Clicked on Register Link
23:06:41.868 [main] INFO  testCases.TC001_AccountRegistrationTest - Providing Customer Details.....
23:06:42.287 [main] INFO  testCases.TC001_AccountRegistrationTest - Validating expected message...
23:06:42.994 [main] INFO  testCases.TC001_AccountRegistrationTest - **** Closing TC001_AccountRegistrationTest ****
23:06:44.613 [main] INFO  testCases.TC002_LoginTest - **** Starting TC002_LoginTest ****
20:16:29.000 [main] INFO  org.testng.internal.Utils - [TestNG] Running:
  C:\Automation\SeleniumWebdriver\OpencartV121\Master.xml

20:16:37.097 [main] INFO  testCases.TC001_AccountRegistrationTest - **** Starting TC001_AccountRegistrationTest ****
20:16:37.128 [main] INFO  testCases.TC001_AccountRegistrationTest - Clicked on MyAccount Link
20:16:37.532 [main] INFO  testCases.TC001_AccountRegistrationTest - Clicked on Register Link
20:16:38.084 [main] INFO  testCases.TC001_AccountRegistrationTest - Providing Customer Details.....
20:16:40.270 [main] INFO  testCases.TC001_AccountRegistrationTest - Validating expected message...
20:16:40.355 [main] INFO  testCases.TC001_AccountRegistrationTest - **** Closing TC001_AccountRegistrationTest ****
20:16:44.783 [main] INFO  testCases.TC002_LoginTest - **** Starting TC002_LoginTest ****
20:17:30.725 [main] INFO  org.testng.internal.Utils - [TestNG] Running:
  C:\Automation\SeleniumWebdriver\OpencartV121\Master.xml

20:17:35.573 [main] INFO  testCases.TC001_AccountRegistrationTest - **** Starting TC001_AccountRegistrationTest ****
20:17:35.618 [main] INFO  testCases.TC001_AccountRegistrationTest - Clicked on MyAccount Link
20:17:35.802 [main] INFO  testCases.TC001_AccountRegistrationTest - Clicked on Register Link
20:17:36.315 [main] INFO  testCases.TC001_AccountRegistrationTest - Providing Customer Details.....
20:17:38.038 [main] INFO  testCases.TC001_AccountRegistrationTest - Validating expected message...
20:17:38.121 [main] INFO  testCases.TC001_AccountRegistrationTest - **** Closing TC001_AccountRegistrationTest ****
20:17:41.557 [main] INFO  testCases.TC002_LoginTest - **** Starting TC002_LoginTest ****
20:18:28.839 [main] INFO  org.testng.internal.Utils - [TestNG] Running:
  C:\Automation\SeleniumWebdriver\OpencartV121\Master.xml

20:18:32.116 [main] INFO  testCases.TC001_AccountRegistrationTest - **** Starting TC001_AccountRegistrationTest ****
20:18:32.141 [main] INFO  testCases.TC001_AccountRegistrationTest - Clicked on MyAccount Link
20:18:32.284 [main] INFO  testCases.TC001_AccountRegistrationTest - Clicked on Register Link
20:18:33.356 [main] INFO  testCases.TC001_AccountRegistrationTest - Providing Customer Details.....
20:18:34.386 [main] INFO  testCases.TC001_AccountRegistrationTest - Validating expected message...
20:18:35.113 [main] INFO  testCases.TC001_AccountRegistrationTest - **** Closing TC001_AccountRegistrationTest ****
20:18:38.441 [main] INFO  testCases.TC002_LoginTest - **** Starting TC002_LoginTest ****
18:09:02.123 [main] INFO  org.testng.internal.Utils - [TestNG] Running:
  C:\Automation\SeleniumWebdriver\OpencartV121\grid-docker.xml

18:09:13.176 [main] INFO  testCases.TC001_AccountRegistrationTest - **** Starting TC001_AccountRegistrationTest ****
18:09:13.266 [main] INFO  testCases.TC001_AccountRegistrationTest - Clicked on MyAccount Link
18:09:13.868 [main] INFO  testCases.TC001_AccountRegistrationTest - Clicked on Register Link
18:09:15.317 [main] INFO  testCases.TC001_AccountRegistrationTest - Providing Customer Details.....
18:09:18.081 [main] INFO  testCases.TC001_AccountRegistrationTest - Validating expected message...
18:09:18.153 [main] INFO  testCases.TC001_AccountRegistrationTest - **** Closing TC001_AccountRegistrationTest ****
18:09:21.420 [main] INFO  testCases.TC002_LoginTest - **** Starting TC002_LoginTest ****
18:11:39.412 [main] INFO  org.testng.internal.Utils - [TestNG] Running:
  C:\Automation\SeleniumWebdriver\OpencartV121\grid-docker.xml

18:11:51.491 [main] INFO  testCases.TC001_AccountRegistrationTest - **** Starting TC001_AccountRegistrationTest ****
18:11:51.579 [main] INFO  testCases.TC001_AccountRegistrationTest - Clicked on MyAccount Link
18:11:52.003 [main] INFO  testCases.TC001_AccountRegistrationTest - Clicked on Register Link
18:11:53.548 [main] INFO  testCases.TC001_AccountRegistrationTest - Providing Customer Details.....
18:11:56.439 [main] INFO  testCases.TC001_AccountRegistrationTest - Validating expected message...
18:11:56.502 [main] INFO  testCases.TC001_AccountRegistrationTest - **** Closing TC001_AccountRegistrationTest ****
18:12:03.409 [main] INFO  testCases.TC002_LoginTest - **** Starting TC002_LoginTest ****
23:09:58.217 [main] INFO  org.testng.internal.Utils - [TestNG] Running:
  C:\Automation\SeleniumWebdriver\OpencartV121\Master.xml

23:11:40.118 [main] INFO  org.testng.internal.Utils - [TestNG] Running:
  C:\Automation\SeleniumWebdriver\OpencartV121\Master.xml

